15:55:18.072 [http-nio-8080-exec-4] INFO  org.ssa.ironyard.bank.controller.CustomerRestController - Returning List of Customers
15:55:28.281 [http-nio-8080-exec-10] INFO  org.ssa.ironyard.bank.controller.CustomerRestController - Returning List of Customers
15:55:31.832 [http-nio-8080-exec-1] INFO  org.ssa.ironyard.bank.controller.CustomerRestController - Returning Single Customer with ID: 169
15:55:33.255 [http-nio-8080-exec-2] INFO  org.ssa.ironyard.bank.controller.CustomerRestController - Returning Single Customer with ID: 169
15:55:37.159 [http-nio-8080-exec-3] INFO  org.ssa.ironyard.bank.controller.CustomerRestController - Editing Single Customer with ID: 169
15:55:37.160 [http-nio-8080-exec-3] INFO  org.ssa.ironyard.bank.controller.CustomerRestController - firstName
15:55:37.160 [http-nio-8080-exec-3] INFO  org.ssa.ironyard.bank.controller.CustomerRestController - lastName
15:55:37.160 [http-nio-8080-exec-3] INFO  org.ssa.ironyard.bank.controller.CustomerRestController - Got first name: Martha and last name: Ale
15:55:37.325 [http-nio-8080-exec-3] INFO  org.ssa.ironyard.bank.controller.CustomerRestController - Cust ID: 169, First Name: Martha, Last Name: Ale
15:55:43.826 [http-nio-8080-exec-7] INFO  org.ssa.ironyard.bank.controller.CustomerRestController - Returning List of Customers
15:57:50.590 [http-nio-8080-exec-3] INFO  org.ssa.ironyard.bank.controller.CustomerRestController - Returning List of Customers
15:57:53.666 [http-nio-8080-exec-4] INFO  org.ssa.ironyard.bank.controller.CustomerRestController - Returning Single Customer with ID: 169
15:57:55.410 [http-nio-8080-exec-5] INFO  org.ssa.ironyard.bank.controller.CustomerRestController - Returning Single Customer with ID: 169
15:57:59.903 [http-nio-8080-exec-6] INFO  org.ssa.ironyard.bank.controller.CustomerRestController - Editing Single Customer with ID: 169
15:57:59.904 [http-nio-8080-exec-6] INFO  org.ssa.ironyard.bank.controller.CustomerRestController - firstName
15:57:59.904 [http-nio-8080-exec-6] INFO  org.ssa.ironyard.bank.controller.CustomerRestController - lastName
15:57:59.904 [http-nio-8080-exec-6] INFO  org.ssa.ironyard.bank.controller.CustomerRestController - Got first name: Mar and last name: Ale
15:58:00.002 [http-nio-8080-exec-6] INFO  org.ssa.ironyard.bank.controller.CustomerRestController - Cust ID: 169, First Name: Mar, Last Name: Ale
15:58:00.058 [http-nio-8080-exec-9] INFO  org.ssa.ironyard.bank.controller.CustomerRestController - Returning List of Customers
15:58:06.431 [http-nio-8080-exec-10] INFO  org.ssa.ironyard.bank.controller.CustomerRestController - Adding Single Customer - First Name: a, Last Name: a
15:58:06.581 [http-nio-8080-exec-7] INFO  org.ssa.ironyard.bank.controller.CustomerRestController - Returning List of Customers
